<?xml version="1.0" encoding="UTF-8"?>
<!-- Generated by org.testng.reporters.JUnitXMLReporter -->
<testsuite ignored="0" hostname="Raghu" failures="0" tests="3" name="Default test" time="13.087" errors="0" timestamp="2025-07-17T16:42:44 IST">
  <testcase classname="testNG.TestSuite" name="openBing" time="4.853"/>
  <testcase classname="testNG.TestSuite" name="openFireFox" time="4.154"/>
  <testcase classname="testNG.TestSuite" name="openGoogle" time="4.009"/>
</testsuite> <!-- Default test -->
